g:\code\cppcode\clonex\clonex\debug\vc142.pdb
g:\code\cppcode\clonex\clonex\debug\vc142.idb
g:\code\cppcode\clonex\clonex\debug\regtool.obj
g:\code\cppcode\clonex\clonex\debug\elevatetool.obj
g:\code\cppcode\clonex\clonex\debug\clonex.obj
g:\code\cppcode\clonex\clonex\debug\acltool.obj
h:\code\cppcode\clonex_0x727\clonex\debug\vc142.pdb
h:\code\cppcode\clonex_0x727\clonex\debug\vc142.idb
h:\code\cppcode\clonex_0x727\clonex\debug\regtool.obj
h:\code\cppcode\clonex_0x727\clonex\debug\elevatetool.obj
h:\code\cppcode\clonex_0x727\clonex\debug\acltool.obj
g:\code\cppcode\clonex\debug\clonex.exe
g:\code\cppcode\clonex\debug\clonex.ilk
g:\code\cppcode\clonex\debug\clonex.pdb
h:\code\cppcode\clonex_0x727\clonex\debug\clonex.obj
h:\code\cppcode\clonex_0x727\clonex\debug\clonex.tlog\cl.command.1.tlog
h:\code\cppcode\clonex_0x727\clonex\debug\clonex.tlog\cl.read.1.tlog
h:\code\cppcode\clonex_0x727\clonex\debug\clonex.tlog\cl.write.1.tlog
h:\code\cppcode\clonex_0x727\clonex\debug\clonex.tlog\link.command.1.tlog
h:\code\cppcode\clonex_0x727\clonex\debug\clonex.tlog\link.read.1.tlog
h:\code\cppcode\clonex_0x727\clonex\debug\clonex.tlog\link.write.1.tlog
